[debug] [2022-04-04T21:05:16.440Z] ----------------------------------------------------------------------
[debug] [2022-04-04T21:05:16.441Z] Command:       /home/richi/.nvm/versions/node/v16.14.0/bin/node /home/richi/.nvm/versions/node/v16.14.0/bin/firebase serve
[debug] [2022-04-04T21:05:16.442Z] CLI Version:   10.5.0
[debug] [2022-04-04T21:05:16.442Z] Platform:      linux
[debug] [2022-04-04T21:05:16.442Z] Node Version:  v16.14.0
[debug] [2022-04-04T21:05:16.442Z] Time:          Mon Apr 04 2022 16:05:16 GMT-0500 (Central Daylight Time)
[debug] [2022-04-04T21:05:16.442Z] ----------------------------------------------------------------------
[debug] 
[debug] [2022-04-04T21:05:16.488Z] > command requires scopes: ["email","openid","https://www.googleapis.com/auth/cloudplatformprojects.readonly","https://www.googleapis.com/auth/firebase","https://www.googleapis.com/auth/cloud-platform"]
[debug] [2022-04-04T21:05:16.488Z] > authorizing via signed-in user (leon.ricardo314@gmail.com)
[debug] [2022-04-04T21:05:16.488Z] [iam] checking project nextjsflixfb for permissions ["firebase.projects.get"]
[debug] [2022-04-04T21:05:16.490Z] >>> [apiv2][query] POST https://cloudresourcemanager.googleapis.com/v1/projects/nextjsflixfb:testIamPermissions [none]
[debug] [2022-04-04T21:05:16.490Z] >>> [apiv2][body] POST https://cloudresourcemanager.googleapis.com/v1/projects/nextjsflixfb:testIamPermissions {"permissions":["firebase.projects.get"]}
[debug] [2022-04-04T21:05:16.842Z] <<< [apiv2][status] POST https://cloudresourcemanager.googleapis.com/v1/projects/nextjsflixfb:testIamPermissions 200
[debug] [2022-04-04T21:05:16.842Z] <<< [apiv2][body] POST https://cloudresourcemanager.googleapis.com/v1/projects/nextjsflixfb:testIamPermissions {"permissions":["firebase.projects.get"]}
[debug] [2022-04-04T21:05:16.843Z] >>> [apiv2][query] GET https://firebase.googleapis.com/v1beta1/projects/nextjsflixfb [none]
[debug] [2022-04-04T21:05:17.264Z] <<< [apiv2][status] GET https://firebase.googleapis.com/v1beta1/projects/nextjsflixfb 200
[debug] [2022-04-04T21:05:17.264Z] <<< [apiv2][body] GET https://firebase.googleapis.com/v1beta1/projects/nextjsflixfb {"projectId":"nextjsflixfb","projectNumber":"272497895756","displayName":"nextjsflixfb","name":"projects/nextjsflixfb","resources":{"hostingSite":"nextjsflixfb","storageBucket":"nextjsflixfb.appspot.com","locationId":"us-central"},"state":"ACTIVE"}
[info] 
[info] === Serving from '/home/richi/nodedev/nextjsflix'...
[info] 
[info] ✔  functions: Using node@16 from host. {"metadata":{"emulator":{"name":"functions"},"message":"Using node@16 from host."}}
[debug] [2022-04-04T21:05:17.272Z] defaultcredentials: writing to file /home/richi/.config/firebase/leon_ricardo314_gmail.com_application_default_credentials.json
[debug] [2022-04-04T21:05:17.273Z] Setting GAC to /home/richi/.config/firebase/leon_ricardo314_gmail.com_application_default_credentials.json {"metadata":{"emulator":{"name":"functions"},"message":"Setting GAC to /home/richi/.config/firebase/leon_ricardo314_gmail.com_application_default_credentials.json"}}
[debug] [2022-04-04T21:05:17.273Z] >>> [apiv2][query] GET https://firebase.googleapis.com/v1beta1/projects/nextjsflixfb/adminSdkConfig [none]
[debug] [2022-04-04T21:05:17.713Z] <<< [apiv2][status] GET https://firebase.googleapis.com/v1beta1/projects/nextjsflixfb/adminSdkConfig 200
[debug] [2022-04-04T21:05:17.713Z] <<< [apiv2][body] GET https://firebase.googleapis.com/v1beta1/projects/nextjsflixfb/adminSdkConfig {"projectId":"nextjsflixfb","storageBucket":"nextjsflixfb.appspot.com","locationId":"us-central"}
[info] i  functions: Watching "/home/richi/nodedev/nextjsflix/functions" for Cloud Functions... {"metadata":{"emulator":{"name":"functions"},"message":"Watching \"/home/richi/nodedev/nextjsflix/functions\" for Cloud Functions..."}}
[debug] [2022-04-04T21:05:17.732Z] Validating nodejs source
[debug] [2022-04-04T21:05:18.747Z] > [functions] package.json contents: {
  "name": "functions",
  "scripts": {
    "lint": "eslint --ext .js,.ts .",
    "build": "tsc",
    "serve": "npm run build && firebase emulators:start --only functions",
    "shell": "npm run build && firebase functions:shell",
    "start": "npm run shell",
    "deploy": "firebase deploy --only functions",
    "logs": "firebase functions:log"
  },
  "engines": {
    "node": "16"
  },
  "main": "lib/index.js",
  "dependencies": {
    "firebase-admin": "^10.0.2",
    "firebase-functions": "^3.20.0"
  },
  "devDependencies": {
    "@typescript-eslint/eslint-plugin": "^5.12.0",
    "@typescript-eslint/parser": "^5.12.0",
    "eslint": "^8.9.0",
    "eslint-config-google": "^0.14.0",
    "eslint-plugin-import": "^2.25.4",
    "firebase-functions-test": "^0.2.0",
    "typescript": "^4.5.4"
  },
  "private": true
}
[debug] [2022-04-04T21:05:18.747Z] Building nodejs source
[debug] [2022-04-04T21:05:18.747Z] Analyzing nodejs backend spec
[info] ✔  functions[us-central1-helloWorld]: http function initialized (http://localhost:5000/nextjsflixfb/us-central1/helloWorld). {"metadata":{"emulator":{"name":"functions"},"message":"\u001b[1mhttp\u001b[22m function initialized (http://localhost:5000/nextjsflixfb/us-central1/helloWorld)."}}
[debug] [2022-04-04T21:05:22.221Z] [work-queue] {"queueLength":1,"workRunningCount":0}
[debug] [2022-04-04T21:05:22.222Z] [work-queue] {"queueLength":0,"workRunningCount":1}
[debug] [2022-04-04T21:05:22.222Z] Accepted request GET /nextjsflixfb/us-central1/helloWorld --> us-central1-helloWorld
[debug] [2022-04-04T21:05:22.226Z] [worker-pool] addWorker(us-central1-helloWorld) {"metadata":{"emulator":{"name":"functions"},"message":"[worker-pool] addWorker(us-central1-helloWorld)"}}
[debug] [2022-04-04T21:05:22.227Z] [worker-pool] Adding worker with key us-central1-helloWorld, total=1 {"metadata":{"emulator":{"name":"functions"},"message":"[worker-pool] Adding worker with key us-central1-helloWorld, total=1"}}
[debug] [2022-04-04T21:05:22.227Z] [worker-pool] submitWork(triggerId=us-central1-helloWorld) {"metadata":{"emulator":{"name":"functions"},"message":"[worker-pool] submitWork(triggerId=us-central1-helloWorld)"}}
[debug] [2022-04-04T21:05:22.227Z] [worker-us-central1-helloWorld-0e8cdd26-2bcd-4799-94e6-2eeba6ded76a]: Assigning socketPath: /tmp/fire_emu_18047.sock {"metadata":{"emulator":{"name":"functions"},"message":"[worker-us-central1-helloWorld-0e8cdd26-2bcd-4799-94e6-2eeba6ded76a]: Assigning socketPath: /tmp/fire_emu_18047.sock"}}
[debug] [2022-04-04T21:05:22.227Z] [worker-us-central1-helloWorld-0e8cdd26-2bcd-4799-94e6-2eeba6ded76a]: BUSY {"metadata":{"emulator":{"name":"functions"},"message":"[worker-us-central1-helloWorld-0e8cdd26-2bcd-4799-94e6-2eeba6ded76a]: BUSY"}}
[debug] [2022-04-04T21:05:22.749Z] [runtime-status] [18047] Functions runtime initialized. {"cwd":"/home/richi/nodedev/nextjsflix/functions","node_version":"16.14.0"} {"metadata":{"emulator":{"name":"functions"},"function":{"name":"us-central1-helloWorld"},"extension":{},"message":"[runtime-status] [18047] Functions runtime initialized. {\"cwd\":\"/home/richi/nodedev/nextjsflix/functions\",\"node_version\":\"16.14.0\"}"}}
[debug] [2022-04-04T21:05:22.750Z] [runtime-status] [18047] Disabled runtime features: undefined {"metadata":{"emulator":{"name":"functions"},"function":{"name":"us-central1-helloWorld"},"extension":{},"message":"[runtime-status] [18047] Disabled runtime features: undefined"}}
[debug] [2022-04-04T21:05:22.752Z] [runtime-status] [18047] Resolved module firebase-admin {"declared":true,"installed":true,"version":"10.0.2","resolution":"/home/richi/nodedev/nextjsflix/functions/node_modules/firebase-admin/lib/index.js"} {"metadata":{"emulator":{"name":"functions"},"function":{"name":"us-central1-helloWorld"},"extension":{},"message":"[runtime-status] [18047] Resolved module firebase-admin {\"declared\":true,\"installed\":true,\"version\":\"10.0.2\",\"resolution\":\"/home/richi/nodedev/nextjsflix/functions/node_modules/firebase-admin/lib/index.js\"}"}}
[debug] [2022-04-04T21:05:22.753Z] [runtime-status] [18047] Resolved module firebase-functions {"declared":true,"installed":true,"version":"3.20.0","resolution":"/home/richi/nodedev/nextjsflix/functions/node_modules/firebase-functions/lib/index.js"} {"metadata":{"emulator":{"name":"functions"},"function":{"name":"us-central1-helloWorld"},"extension":{},"message":"[runtime-status] [18047] Resolved module firebase-functions {\"declared\":true,\"installed\":true,\"version\":\"3.20.0\",\"resolution\":\"/home/richi/nodedev/nextjsflix/functions/node_modules/firebase-functions/lib/index.js\"}"}}
[debug] [2022-04-04T21:05:22.754Z] [runtime-status] [18047] Outgoing network have been stubbed. [{"name":"http","status":"mocked"},{"name":"http","status":"mocked"},{"name":"https","status":"mocked"},{"name":"https","status":"mocked"},{"name":"net","status":"mocked"}] {"metadata":{"emulator":{"name":"functions"},"function":{"name":"us-central1-helloWorld"},"extension":{},"message":"[runtime-status] [18047] Outgoing network have been stubbed. [{\"name\":\"http\",\"status\":\"mocked\"},{\"name\":\"http\",\"status\":\"mocked\"},{\"name\":\"https\",\"status\":\"mocked\"},{\"name\":\"https\",\"status\":\"mocked\"},{\"name\":\"net\",\"status\":\"mocked\"}]"}}
[debug] [2022-04-04T21:05:22.754Z] [runtime-status] [18047] Resolved module firebase-functions {"declared":true,"installed":true,"version":"3.20.0","resolution":"/home/richi/nodedev/nextjsflix/functions/node_modules/firebase-functions/lib/index.js"} {"metadata":{"emulator":{"name":"functions"},"function":{"name":"us-central1-helloWorld"},"extension":{},"message":"[runtime-status] [18047] Resolved module firebase-functions {\"declared\":true,\"installed\":true,\"version\":\"3.20.0\",\"resolution\":\"/home/richi/nodedev/nextjsflix/functions/node_modules/firebase-functions/lib/index.js\"}"}}
[debug] [2022-04-04T21:05:22.796Z] [runtime-status] [18047] Checked functions.config() {"config":{}} {"metadata":{"emulator":{"name":"functions"},"function":{"name":"us-central1-helloWorld"},"extension":{},"message":"[runtime-status] [18047] Checked functions.config() {\"config\":{}}"}}
[debug] [2022-04-04T21:05:22.796Z] [runtime-status] [18047] firebase-functions has been stubbed. {"functionsResolution":{"declared":true,"installed":true,"version":"3.20.0","resolution":"/home/richi/nodedev/nextjsflix/functions/node_modules/firebase-functions/lib/index.js"}} {"metadata":{"emulator":{"name":"functions"},"function":{"name":"us-central1-helloWorld"},"extension":{},"message":"[runtime-status] [18047] firebase-functions has been stubbed. {\"functionsResolution\":{\"declared\":true,\"installed\":true,\"version\":\"3.20.0\",\"resolution\":\"/home/richi/nodedev/nextjsflix/functions/node_modules/firebase-functions/lib/index.js\"}}"}}
[debug] [2022-04-04T21:05:22.796Z] [runtime-status] [18047] Resolved module firebase-functions {"declared":true,"installed":true,"version":"3.20.0","resolution":"/home/richi/nodedev/nextjsflix/functions/node_modules/firebase-functions/lib/index.js"} {"metadata":{"emulator":{"name":"functions"},"function":{"name":"us-central1-helloWorld"},"extension":{},"message":"[runtime-status] [18047] Resolved module firebase-functions {\"declared\":true,\"installed\":true,\"version\":\"3.20.0\",\"resolution\":\"/home/richi/nodedev/nextjsflix/functions/node_modules/firebase-functions/lib/index.js\"}"}}
[debug] [2022-04-04T21:05:22.797Z] [runtime-status] [18047] Resolved module firebase-admin {"declared":true,"installed":true,"version":"10.0.2","resolution":"/home/richi/nodedev/nextjsflix/functions/node_modules/firebase-admin/lib/index.js"} {"metadata":{"emulator":{"name":"functions"},"function":{"name":"us-central1-helloWorld"},"extension":{},"message":"[runtime-status] [18047] Resolved module firebase-admin {\"declared\":true,\"installed\":true,\"version\":\"10.0.2\",\"resolution\":\"/home/richi/nodedev/nextjsflix/functions/node_modules/firebase-admin/lib/index.js\"}"}}
[debug] [2022-04-04T21:05:22.798Z] [runtime-status] [18047] Resolved module firebase-functions {"declared":true,"installed":true,"version":"3.20.0","resolution":"/home/richi/nodedev/nextjsflix/functions/node_modules/firebase-functions/lib/index.js"} {"metadata":{"emulator":{"name":"functions"},"function":{"name":"us-central1-helloWorld"},"extension":{},"message":"[runtime-status] [18047] Resolved module firebase-functions {\"declared\":true,\"installed\":true,\"version\":\"3.20.0\",\"resolution\":\"/home/richi/nodedev/nextjsflix/functions/node_modules/firebase-functions/lib/index.js\"}"}}
[debug] [2022-04-04T21:05:22.798Z] [runtime-status] [18047] firebase-admin has been stubbed. {"adminResolution":{"declared":true,"installed":true,"version":"10.0.2","resolution":"/home/richi/nodedev/nextjsflix/functions/node_modules/firebase-admin/lib/index.js"}} {"metadata":{"emulator":{"name":"functions"},"function":{"name":"us-central1-helloWorld"},"extension":{},"message":"[runtime-status] [18047] firebase-admin has been stubbed. {\"adminResolution\":{\"declared\":true,\"installed\":true,\"version\":\"10.0.2\",\"resolution\":\"/home/richi/nodedev/nextjsflix/functions/node_modules/firebase-admin/lib/index.js\"}}"}}
[debug] [2022-04-04T21:05:22.798Z] [runtime-status] [18047] Beginning invocation function helloWorld! {"metadata":{"emulator":{"name":"functions"},"function":{"name":"us-central1-helloWorld"},"extension":{},"message":"[runtime-status] [18047] Beginning invocation function helloWorld!"}}
[info] i  functions: Beginning execution of "helloWorld" {"metadata":{"emulator":{"name":"functions"},"function":{"name":"us-central1-helloWorld"},"extension":{},"message":"Beginning execution of \"helloWorld\""}}
[debug] [2022-04-04T21:05:22.799Z] [runtime-status] [18047] Running helloWorld in signature http {"metadata":{"emulator":{"name":"functions"},"function":{"name":"us-central1-helloWorld"},"extension":{},"message":"[runtime-status] [18047] Running helloWorld in signature http"}}
[debug] [2022-04-04T21:05:22.801Z] [runtime-status] [18047] Attempting to listen to socketPath: /tmp/fire_emu_18047.sock {"metadata":{"emulator":{"name":"functions"},"function":{"name":"us-central1-helloWorld"},"extension":{},"message":"[runtime-status] [18047] Attempting to listen to socketPath: /tmp/fire_emu_18047.sock"}}
[debug] [2022-04-04T21:05:22.804Z] [functions] Runtime ready! Sending request! {"metadata":{"emulator":{"name":"functions"},"message":"[functions] Runtime ready! Sending request!"}}
[debug] [2022-04-04T21:05:22.804Z] [functions] Got req.url=/nextjsflixfb/us-central1/helloWorld, mapping to path=/ {"metadata":{"emulator":{"name":"functions"},"message":"[functions] Got req.url=/nextjsflixfb/us-central1/helloWorld, mapping to path=/"}}
[debug] [2022-04-04T21:05:22.808Z] [runtime-status] [18047] Ephemeral server handling GET request {"metadata":{"emulator":{"name":"functions"},"function":{"name":"us-central1-helloWorld"},"extension":{},"message":"[runtime-status] [18047] Ephemeral server handling GET request"}}
[info] >  {"structuredData":true,"severity":"INFO","message":"Hello logs!"} {"user":{"structuredData":true,"severity":"INFO","message":"Hello logs!"},"metadata":{"emulator":{"name":"functions"},"function":{"name":"us-central1-helloWorld"},"extension":{},"message":"\u001b[90m> \u001b[39m {\"structuredData\":true,\"severity\":\"INFO\",\"message\":\"Hello logs!\"}"}}
[debug] [2022-04-04T21:05:22.812Z] [runtime-status] [18047] Ephemeral server survived. {"metadata":{"emulator":{"name":"functions"},"function":{"name":"us-central1-helloWorld"},"extension":{},"message":"[runtime-status] [18047] Ephemeral server survived."}}
[info] i  functions: Finished "helloWorld" in ~1s {"metadata":{"emulator":{"name":"functions"},"function":{"name":"us-central1-helloWorld"},"extension":{},"message":"Finished \"helloWorld\" in ~1s"}}
[debug] [2022-04-04T21:05:22.813Z] [worker-us-central1-helloWorld-0e8cdd26-2bcd-4799-94e6-2eeba6ded76a]: IDLE {"metadata":{"emulator":{"name":"functions"},"message":"[worker-us-central1-helloWorld-0e8cdd26-2bcd-4799-94e6-2eeba6ded76a]: IDLE"}}
[debug] [2022-04-04T21:05:22.813Z] [work-queue] {"queueLength":0,"workRunningCount":0}
